[23:03:56] [main/WARN]: Failed to add PDH Counter: \Arquivo de paginação(_Total)\% Usage, Error code: 0xC0000BB8
[23:03:56] [main/WARN]: Failed to add counter for PDH object: Arquivo de paginação
[23:03:56] [main/WARN]: Disabling further attempts to query Paging File.
[23:04:06] [main/INFO]: Environment: authHost='https://authserver.mojang.com', accountsHost='https://api.mojang.com', sessionHost='https://sessionserver.mojang.com', servicesHost='https://api.minecraftservices.com', name='PROD'
[23:04:06] [main/WARN]: Ambiguity between arguments [teleport, location] and [teleport, destination] with inputs: [0.1 -0.5 .9, 0 0 0]
[23:04:06] [main/WARN]: Ambiguity between arguments [teleport, location] and [teleport, targets] with inputs: [0.1 -0.5 .9, 0 0 0]
[23:04:06] [main/WARN]: Ambiguity between arguments [teleport, destination] and [teleport, targets] with inputs: [Player, 0123, @e, dd12be42-52a9-4a91-a8a1-11c01849e498]
[23:04:06] [main/WARN]: Ambiguity between arguments [teleport, targets] and [teleport, destination] with inputs: [Player, 0123, dd12be42-52a9-4a91-a8a1-11c01849e498]
[23:04:06] [main/WARN]: Ambiguity between arguments [teleport, targets, location] and [teleport, targets, destination] with inputs: [0.1 -0.5 .9, 0 0 0]
[23:04:06] [main/INFO]: Reloading ResourceManager: Default
[23:04:07] [Worker-Main-14/INFO]: Loaded 7 recipes
[23:04:08] [Worker-Main-14/INFO]: Loaded 1137 advancements
[23:04:10] [Server thread/INFO]: Starting minecraft server version 1.17
[23:04:10] [Server thread/INFO]: Loading properties
[23:04:10] [Server thread/INFO]: Default game type: SURVIVAL
[23:04:10] [Server thread/INFO]: Generating keypair
[23:04:10] [Server thread/INFO]: Starting Minecraft server on 192.168.0.134:25565
[23:04:10] [Server thread/INFO]: Using default channel type
[23:04:11] [Server thread/WARN]: **** SERVER IS RUNNING IN OFFLINE/INSECURE MODE!
[23:04:11] [Server thread/WARN]: The server will make no attempt to authenticate usernames. Beware.
[23:04:11] [Server thread/WARN]: While this makes the game possible to play without internet access, it also opens up the ability for hackers to connect with any username they choose.
[23:04:11] [Server thread/WARN]: To change this, set "online-mode" to "true" in the server.properties file.
[23:04:11] [Server thread/INFO]: Preparing level "world"
[23:04:11] [Server thread/INFO]: Preparing start region for dimension minecraft:overworld
[23:04:12] [Worker-Main-9/INFO]: Preparing spawn area: 0%
[23:04:12] [Worker-Main-11/INFO]: Preparing spawn area: 0%
[23:04:12] [Worker-Main-10/INFO]: Preparing spawn area: 0%
[23:04:12] [Worker-Main-8/INFO]: Preparing spawn area: 0%
[23:04:13] [Worker-Main-9/INFO]: Preparing spawn area: 0%
[23:04:14] [Worker-Main-13/INFO]: Preparing spawn area: 0%
[23:04:14] [Worker-Main-9/INFO]: Preparing spawn area: 0%
[23:04:14] [Worker-Main-9/INFO]: Preparing spawn area: 1%
[23:04:15] [Worker-Main-11/INFO]: Preparing spawn area: 4%
[23:04:16] [Worker-Main-8/INFO]: Preparing spawn area: 6%
[23:04:16] [Worker-Main-12/INFO]: Preparing spawn area: 17%
[23:04:16] [Worker-Main-9/INFO]: Preparing spawn area: 23%
[23:04:17] [Worker-Main-11/INFO]: Preparing spawn area: 32%
[23:04:17] [Worker-Main-14/INFO]: Preparing spawn area: 56%
[23:04:18] [Worker-Main-9/INFO]: Preparing spawn area: 75%
[23:04:18] [Worker-Main-13/INFO]: Preparing spawn area: 89%
[23:04:23] [Server thread/INFO]: Time elapsed: 11673 ms
[23:04:23] [Server thread/INFO]: Done (11.860s)! For help, type "help"
[23:04:58] [Server thread/INFO]: lkcm[/192.168.0.134:61861] logged in with entity id 117 at (396.2050854647226, 105.0, -80.71800916262559)
[23:04:58] [Server thread/INFO]: lkcm joined the game
[23:05:06] [Server thread/WARN]: Can't keep up! Is the server overloaded? Running 2011ms or 40 ticks behind
[23:05:23] [Server thread/INFO]: lkcm lost connection: Disconnected
[23:05:23] [Server thread/INFO]: lkcm left the game
[23:18:11] [Server thread/INFO]: lkcm[/192.168.0.134:63084] logged in with entity id 800 at (396.2050854647226, 105.0, -80.71800916262559)
[23:18:11] [Server thread/INFO]: lkcm joined the game
[23:18:27] [Server thread/INFO]: lkcm lost connection: Disconnected
[23:18:27] [Server thread/INFO]: lkcm left the game
[23:18:32] [Server thread/INFO]: Unknown or incomplete command, see below for error
[23:18:32] [Server thread/INFO]: exit<--[HERE]
[23:18:34] [Server thread/INFO]: Stopping the server
[23:18:34] [Server thread/INFO]: Stopping server
[23:18:34] [Server thread/INFO]: Saving players
[23:18:34] [Server thread/INFO]: Saving worlds
[23:18:34] [Server thread/INFO]: Saving chunks for level 'ServerLevel[world]'/minecraft:overworld
[23:18:35] [Server thread/INFO]: ThreadedAnvilChunkStorage (world): All chunks are saved
[23:18:35] [Server thread/INFO]: Saving chunks for level 'ServerLevel[world]'/minecraft:the_nether
[23:18:35] [Server thread/INFO]: ThreadedAnvilChunkStorage (DIM-1): All chunks are saved
[23:18:35] [Server thread/INFO]: Saving chunks for level 'ServerLevel[world]'/minecraft:the_end
[23:18:35] [Server thread/INFO]: ThreadedAnvilChunkStorage (DIM1): All chunks are saved
[23:18:35] [Server thread/INFO]: ThreadedAnvilChunkStorage (world): All chunks are saved
[23:18:35] [Server thread/INFO]: ThreadedAnvilChunkStorage (DIM-1): All chunks are saved
[23:18:35] [Server thread/INFO]: ThreadedAnvilChunkStorage (DIM1): All chunks are saved
